<?xml version="1.0" encoding="UTF-8"?>
<testsuite name="com.nofaterock.profiles.SpringBootProfilesIncludeApplicationTests" tests="1" skipped="0" failures="0" errors="0" timestamp="2019-04-17T07:33:38" hostname="NOFATEROCK-PC" time="0.15">
  <properties/>
  <testcase name="contextLoads" classname="com.nofaterock.profiles.SpringBootProfilesIncludeApplicationTests" time="0.15"/>
  <system-out><![CDATA[16:33:37.475 [Test worker] DEBUG org.springframework.test.context.junit4.SpringJUnit4ClassRunner - SpringJUnit4ClassRunner constructor called with [class com.nofaterock.profiles.SpringBootProfilesIncludeApplicationTests]
16:33:37.481 [Test worker] DEBUG org.springframework.test.context.BootstrapUtils - Instantiating CacheAwareContextLoaderDelegate from class [org.springframework.test.context.cache.DefaultCacheAwareContextLoaderDelegate]
16:33:37.489 [Test worker] DEBUG org.springframework.test.context.BootstrapUtils - Instantiating BootstrapContext using constructor [public org.springframework.test.context.support.DefaultBootstrapContext(java.lang.Class,org.springframework.test.context.CacheAwareContextLoaderDelegate)]
16:33:37.505 [Test worker] DEBUG org.springframework.test.context.BootstrapUtils - Instantiating TestContextBootstrapper for test class [com.nofaterock.profiles.SpringBootProfilesIncludeApplicationTests] from class [org.springframework.boot.test.context.SpringBootTestContextBootstrapper]
16:33:37.516 [Test worker] INFO org.springframework.boot.test.context.SpringBootTestContextBootstrapper - Neither @ContextConfiguration nor @ContextHierarchy found for test class [com.nofaterock.profiles.SpringBootProfilesIncludeApplicationTests], using SpringBootContextLoader
16:33:37.519 [Test worker] DEBUG org.springframework.test.context.support.AbstractContextLoader - Did not detect default resource location for test class [com.nofaterock.profiles.SpringBootProfilesIncludeApplicationTests]: class path resource [com/nofaterock/profiles/SpringBootProfilesIncludeApplicationTests-context.xml] does not exist
16:33:37.519 [Test worker] DEBUG org.springframework.test.context.support.AbstractContextLoader - Did not detect default resource location for test class [com.nofaterock.profiles.SpringBootProfilesIncludeApplicationTests]: class path resource [com/nofaterock/profiles/SpringBootProfilesIncludeApplicationTestsContext.groovy] does not exist
16:33:37.520 [Test worker] INFO org.springframework.test.context.support.AbstractContextLoader - Could not detect default resource locations for test class [com.nofaterock.profiles.SpringBootProfilesIncludeApplicationTests]: no resource found for suffixes {-context.xml, Context.groovy}.
16:33:37.521 [Test worker] INFO org.springframework.test.context.support.AnnotationConfigContextLoaderUtils - Could not detect default configuration classes for test class [com.nofaterock.profiles.SpringBootProfilesIncludeApplicationTests]: SpringBootProfilesIncludeApplicationTests does not declare any static, non-private, non-final, nested classes annotated with @Configuration.
16:33:37.559 [Test worker] DEBUG org.springframework.test.context.support.ActiveProfilesUtils - Could not find an 'annotation declaring class' for annotation type [org.springframework.test.context.ActiveProfiles] and class [com.nofaterock.profiles.SpringBootProfilesIncludeApplicationTests]
16:33:37.613 [Test worker] DEBUG org.springframework.context.annotation.ClassPathScanningCandidateComponentProvider - Identified candidate component class: file [D:\@nofaterock\spring-boot-profiles-include\app\build\classes\java\main\com\nofaterock\profiles\SpringBootProfilesIncludeApplication.class]
16:33:37.616 [Test worker] INFO org.springframework.boot.test.context.SpringBootTestContextBootstrapper - Found @SpringBootConfiguration com.nofaterock.profiles.SpringBootProfilesIncludeApplication for test class com.nofaterock.profiles.SpringBootProfilesIncludeApplicationTests
16:33:37.692 [Test worker] DEBUG org.springframework.boot.test.context.SpringBootTestContextBootstrapper - @TestExecutionListeners is not present for class [com.nofaterock.profiles.SpringBootProfilesIncludeApplicationTests]: using defaults.
16:33:37.693 [Test worker] INFO org.springframework.boot.test.context.SpringBootTestContextBootstrapper - Loaded default TestExecutionListener class names from location [META-INF/spring.factories]: [org.springframework.boot.test.autoconfigure.restdocs.RestDocsTestExecutionListener, org.springframework.boot.test.autoconfigure.web.client.MockRestServiceServerResetTestExecutionListener, org.springframework.boot.test.autoconfigure.web.servlet.MockMvcPrintOnlyOnFailureTestExecutionListener, org.springframework.boot.test.autoconfigure.web.servlet.WebDriverTestExecutionListener, org.springframework.boot.test.mock.mockito.MockitoTestExecutionListener, org.springframework.boot.test.mock.mockito.ResetMocksTestExecutionListener, org.springframework.test.context.web.ServletTestExecutionListener, org.springframework.test.context.support.DirtiesContextBeforeModesTestExecutionListener, org.springframework.test.context.support.DependencyInjectionTestExecutionListener, org.springframework.test.context.support.DirtiesContextTestExecutionListener, org.springframework.test.context.transaction.TransactionalTestExecutionListener, org.springframework.test.context.jdbc.SqlScriptsTestExecutionListener]
16:33:37.701 [Test worker] DEBUG org.springframework.boot.test.context.SpringBootTestContextBootstrapper - Skipping candidate TestExecutionListener [org.springframework.test.context.web.ServletTestExecutionListener] due to a missing dependency. Specify custom listener classes or make the default listener classes and their required dependencies available. Offending class: [javax/servlet/ServletContext]
16:33:37.702 [Test worker] DEBUG org.springframework.boot.test.context.SpringBootTestContextBootstrapper - Skipping candidate TestExecutionListener [org.springframework.test.context.transaction.TransactionalTestExecutionListener] due to a missing dependency. Specify custom listener classes or make the default listener classes and their required dependencies available. Offending class: [org/springframework/transaction/interceptor/TransactionAttributeSource]
16:33:37.702 [Test worker] DEBUG org.springframework.boot.test.context.SpringBootTestContextBootstrapper - Skipping candidate TestExecutionListener [org.springframework.test.context.jdbc.SqlScriptsTestExecutionListener] due to a missing dependency. Specify custom listener classes or make the default listener classes and their required dependencies available. Offending class: [org/springframework/transaction/interceptor/TransactionAttribute]
16:33:37.703 [Test worker] INFO org.springframework.boot.test.context.SpringBootTestContextBootstrapper - Using TestExecutionListeners: [org.springframework.test.context.support.DirtiesContextBeforeModesTestExecutionListener@2bebd313, org.springframework.boot.test.mock.mockito.MockitoTestExecutionListener@48f5925b, org.springframework.boot.test.autoconfigure.SpringBootDependencyInjectionTestExecutionListener@b02653a, org.springframework.test.context.support.DirtiesContextTestExecutionListener@79e6f513, org.springframework.boot.test.autoconfigure.restdocs.RestDocsTestExecutionListener@c60d277, org.springframework.boot.test.autoconfigure.web.client.MockRestServiceServerResetTestExecutionListener@6863feea, org.springframework.boot.test.autoconfigure.web.servlet.MockMvcPrintOnlyOnFailureTestExecutionListener@70506d69, org.springframework.boot.test.autoconfigure.web.servlet.WebDriverTestExecutionListener@3ed0401d, org.springframework.boot.test.mock.mockito.ResetMocksTestExecutionListener@3429ceda]
16:33:37.705 [Test worker] DEBUG org.springframework.test.annotation.ProfileValueUtils - Retrieved @ProfileValueSourceConfiguration [null] for test class [com.nofaterock.profiles.SpringBootProfilesIncludeApplicationTests]
16:33:37.705 [Test worker] DEBUG org.springframework.test.annotation.ProfileValueUtils - Retrieved ProfileValueSource type [class org.springframework.test.annotation.SystemProfileValueSource] for class [com.nofaterock.profiles.SpringBootProfilesIncludeApplicationTests]
16:33:37.706 [Test worker] DEBUG org.springframework.test.annotation.ProfileValueUtils - Retrieved @ProfileValueSourceConfiguration [null] for test class [com.nofaterock.profiles.SpringBootProfilesIncludeApplicationTests]
16:33:37.706 [Test worker] DEBUG org.springframework.test.annotation.ProfileValueUtils - Retrieved ProfileValueSource type [class org.springframework.test.annotation.SystemProfileValueSource] for class [com.nofaterock.profiles.SpringBootProfilesIncludeApplicationTests]
16:33:37.710 [Test worker] DEBUG org.springframework.test.context.support.AbstractDirtiesContextTestExecutionListener - Before test class: context [DefaultTestContext@24859c75 testClass = SpringBootProfilesIncludeApplicationTests, testInstance = [null], testMethod = [null], testException = [null], mergedContextConfiguration = [MergedContextConfiguration@41a14458 testClass = SpringBootProfilesIncludeApplicationTests, locations = '{}', classes = '{class com.nofaterock.profiles.SpringBootProfilesIncludeApplication}', contextInitializerClasses = '[]', activeProfiles = '{}', propertySourceLocations = '{}', propertySourceProperties = '{org.springframework.boot.test.context.SpringBootTestContextBootstrapper=true}', contextCustomizers = set[org.springframework.boot.test.autoconfigure.properties.PropertyMappingContextCustomizer@0, org.springframework.boot.test.autoconfigure.web.servlet.WebDriverContextCustomizerFactory$Customizer@654b09d6, org.springframework.boot.test.context.filter.ExcludeFilterContextCustomizer@a455053, org.springframework.boot.test.json.DuplicateJsonObjectContextCustomizerFactory$DuplicateJsonObjectContextCustomizer@1b02bca, org.springframework.boot.test.mock.mockito.MockitoContextCustomizer@0, org.springframework.boot.test.web.client.TestRestTemplateContextCustomizer@17a0a6dc], contextLoader = 'org.springframework.boot.test.context.SpringBootContextLoader', parent = [null]], attributes = map[[empty]]], class annotated with @DirtiesContext [false] with mode [null].
16:33:37.711 [Test worker] DEBUG org.springframework.test.annotation.ProfileValueUtils - Retrieved @ProfileValueSourceConfiguration [null] for test class [com.nofaterock.profiles.SpringBootProfilesIncludeApplicationTests]
16:33:37.712 [Test worker] DEBUG org.springframework.test.annotation.ProfileValueUtils - Retrieved ProfileValueSource type [class org.springframework.test.annotation.SystemProfileValueSource] for class [com.nofaterock.profiles.SpringBootProfilesIncludeApplicationTests]
16:33:37.716 [Test worker] DEBUG org.springframework.test.context.support.DependencyInjectionTestExecutionListener - Performing dependency injection for test context [[DefaultTestContext@24859c75 testClass = SpringBootProfilesIncludeApplicationTests, testInstance = com.nofaterock.profiles.SpringBootProfilesIncludeApplicationTests@56f43d43, testMethod = [null], testException = [null], mergedContextConfiguration = [MergedContextConfiguration@41a14458 testClass = SpringBootProfilesIncludeApplicationTests, locations = '{}', classes = '{class com.nofaterock.profiles.SpringBootProfilesIncludeApplication}', contextInitializerClasses = '[]', activeProfiles = '{}', propertySourceLocations = '{}', propertySourceProperties = '{org.springframework.boot.test.context.SpringBootTestContextBootstrapper=true}', contextCustomizers = set[org.springframework.boot.test.autoconfigure.properties.PropertyMappingContextCustomizer@0, org.springframework.boot.test.autoconfigure.web.servlet.WebDriverContextCustomizerFactory$Customizer@654b09d6, org.springframework.boot.test.context.filter.ExcludeFilterContextCustomizer@a455053, org.springframework.boot.test.json.DuplicateJsonObjectContextCustomizerFactory$DuplicateJsonObjectContextCustomizer@1b02bca, org.springframework.boot.test.mock.mockito.MockitoContextCustomizer@0, org.springframework.boot.test.web.client.TestRestTemplateContextCustomizer@17a0a6dc], contextLoader = 'org.springframework.boot.test.context.SpringBootContextLoader', parent = [null]], attributes = map[[empty]]]].
16:33:37.734 [Test worker] DEBUG org.springframework.test.context.support.TestPropertySourceUtils - Adding inlined properties to environment: {spring.jmx.enabled=false, org.springframework.boot.test.context.SpringBootTestContextBootstrapper=true, server.port=-1}

  .   ____          _            __ _ _
 /\\ / ___'_ __ _ _(_)_ __  __ _ \ \ \ \
( ( )\___ | '_ | '_| | '_ \/ _` | \ \ \ \
 \\/  ___)| |_)| | | | | || (_| |  ) ) ) )
  '  |____| .__|_| |_|_| |_\__, | / / / /
 =========|_|==============|___/=/_/_/_/
 :: Spring Boot ::        (v2.1.4.RELEASE)

2019-04-17 16:33:37.990  INFO 26816 --- [    Test worker] pringBootProfilesIncludeApplicationTests : Starting SpringBootProfilesIncludeApplicationTests on NOFATEROCK-PC with PID 26816 (started by nofaterock in D:\@nofaterock\spring-boot-profiles-include\app)
2019-04-17 16:33:37.991  INFO 26816 --- [    Test worker] pringBootProfilesIncludeApplicationTests : The following profiles are active: shared
2019-04-17 16:33:38.327  INFO 26816 --- [    Test worker] pringBootProfilesIncludeApplicationTests : Started SpringBootProfilesIncludeApplicationTests in 0.592 seconds (JVM running for 1.694)
승룡
]]></system-out>
  <system-err><![CDATA[]]></system-err>
</testsuite>
