<?xml version="1.0" encoding="UTF-8"?>
<testsuite name="com.nofaterock.profiles.ModuleApplicationTests" tests="1" skipped="0" failures="0" errors="0" timestamp="2019-04-17T07:33:44" hostname="NOFATEROCK-PC" time="0.167">
  <properties/>
  <testcase name="contextLoads" classname="com.nofaterock.profiles.ModuleApplicationTests" time="0.167"/>
  <system-out><![CDATA[16:33:43.846 [Test worker] DEBUG org.springframework.test.context.junit4.SpringJUnit4ClassRunner - SpringJUnit4ClassRunner constructor called with [class com.nofaterock.profiles.ModuleApplicationTests]
16:33:43.853 [Test worker] DEBUG org.springframework.test.context.BootstrapUtils - Instantiating CacheAwareContextLoaderDelegate from class [org.springframework.test.context.cache.DefaultCacheAwareContextLoaderDelegate]
16:33:43.860 [Test worker] DEBUG org.springframework.test.context.BootstrapUtils - Instantiating BootstrapContext using constructor [public org.springframework.test.context.support.DefaultBootstrapContext(java.lang.Class,org.springframework.test.context.CacheAwareContextLoaderDelegate)]
16:33:43.875 [Test worker] DEBUG org.springframework.test.context.BootstrapUtils - Instantiating TestContextBootstrapper for test class [com.nofaterock.profiles.ModuleApplicationTests] from class [org.springframework.boot.test.context.SpringBootTestContextBootstrapper]
16:33:43.887 [Test worker] INFO org.springframework.boot.test.context.SpringBootTestContextBootstrapper - Neither @ContextConfiguration nor @ContextHierarchy found for test class [com.nofaterock.profiles.ModuleApplicationTests], using SpringBootContextLoader
16:33:43.891 [Test worker] DEBUG org.springframework.test.context.support.AbstractContextLoader - Did not detect default resource location for test class [com.nofaterock.profiles.ModuleApplicationTests]: class path resource [com/nofaterock/profiles/ModuleApplicationTests-context.xml] does not exist
16:33:43.891 [Test worker] DEBUG org.springframework.test.context.support.AbstractContextLoader - Did not detect default resource location for test class [com.nofaterock.profiles.ModuleApplicationTests]: class path resource [com/nofaterock/profiles/ModuleApplicationTestsContext.groovy] does not exist
16:33:43.891 [Test worker] INFO org.springframework.test.context.support.AbstractContextLoader - Could not detect default resource locations for test class [com.nofaterock.profiles.ModuleApplicationTests]: no resource found for suffixes {-context.xml, Context.groovy}.
16:33:43.892 [Test worker] INFO org.springframework.test.context.support.AnnotationConfigContextLoaderUtils - Could not detect default configuration classes for test class [com.nofaterock.profiles.ModuleApplicationTests]: ModuleApplicationTests does not declare any static, non-private, non-final, nested classes annotated with @Configuration.
16:33:43.929 [Test worker] DEBUG org.springframework.test.context.support.ActiveProfilesUtils - Could not find an 'annotation declaring class' for annotation type [org.springframework.test.context.ActiveProfiles] and class [com.nofaterock.profiles.ModuleApplicationTests]
16:33:43.989 [Test worker] DEBUG org.springframework.context.annotation.ClassPathScanningCandidateComponentProvider - Identified candidate component class: file [D:\@nofaterock\spring-boot-profiles-include\shared\build\classes\java\test\com\nofaterock\profiles\ModuleApplication.class]
16:33:43.992 [Test worker] INFO org.springframework.boot.test.context.SpringBootTestContextBootstrapper - Found @SpringBootConfiguration com.nofaterock.profiles.ModuleApplication for test class com.nofaterock.profiles.ModuleApplicationTests
16:33:44.073 [Test worker] DEBUG org.springframework.boot.test.context.SpringBootTestContextBootstrapper - @TestExecutionListeners is not present for class [com.nofaterock.profiles.ModuleApplicationTests]: using defaults.
16:33:44.073 [Test worker] INFO org.springframework.boot.test.context.SpringBootTestContextBootstrapper - Loaded default TestExecutionListener class names from location [META-INF/spring.factories]: [org.springframework.boot.test.autoconfigure.restdocs.RestDocsTestExecutionListener, org.springframework.boot.test.autoconfigure.web.client.MockRestServiceServerResetTestExecutionListener, org.springframework.boot.test.autoconfigure.web.servlet.MockMvcPrintOnlyOnFailureTestExecutionListener, org.springframework.boot.test.autoconfigure.web.servlet.WebDriverTestExecutionListener, org.springframework.boot.test.mock.mockito.MockitoTestExecutionListener, org.springframework.boot.test.mock.mockito.ResetMocksTestExecutionListener, org.springframework.test.context.web.ServletTestExecutionListener, org.springframework.test.context.support.DirtiesContextBeforeModesTestExecutionListener, org.springframework.test.context.support.DependencyInjectionTestExecutionListener, org.springframework.test.context.support.DirtiesContextTestExecutionListener, org.springframework.test.context.transaction.TransactionalTestExecutionListener, org.springframework.test.context.jdbc.SqlScriptsTestExecutionListener]
16:33:44.081 [Test worker] DEBUG org.springframework.boot.test.context.SpringBootTestContextBootstrapper - Skipping candidate TestExecutionListener [org.springframework.test.context.web.ServletTestExecutionListener] due to a missing dependency. Specify custom listener classes or make the default listener classes and their required dependencies available. Offending class: [javax/servlet/ServletContext]
16:33:44.082 [Test worker] DEBUG org.springframework.boot.test.context.SpringBootTestContextBootstrapper - Skipping candidate TestExecutionListener [org.springframework.test.context.transaction.TransactionalTestExecutionListener] due to a missing dependency. Specify custom listener classes or make the default listener classes and their required dependencies available. Offending class: [org/springframework/transaction/interceptor/TransactionAttributeSource]
16:33:44.082 [Test worker] DEBUG org.springframework.boot.test.context.SpringBootTestContextBootstrapper - Skipping candidate TestExecutionListener [org.springframework.test.context.jdbc.SqlScriptsTestExecutionListener] due to a missing dependency. Specify custom listener classes or make the default listener classes and their required dependencies available. Offending class: [org/springframework/transaction/interceptor/TransactionAttribute]
16:33:44.083 [Test worker] INFO org.springframework.boot.test.context.SpringBootTestContextBootstrapper - Using TestExecutionListeners: [org.springframework.test.context.support.DirtiesContextBeforeModesTestExecutionListener@545a2090, org.springframework.boot.test.mock.mockito.MockitoTestExecutionListener@3ca6f010, org.springframework.boot.test.autoconfigure.SpringBootDependencyInjectionTestExecutionListener@7478b0d6, org.springframework.test.context.support.DirtiesContextTestExecutionListener@6caa38, org.springframework.boot.test.autoconfigure.restdocs.RestDocsTestExecutionListener@5b75405, org.springframework.boot.test.autoconfigure.web.client.MockRestServiceServerResetTestExecutionListener@e9a12d3, org.springframework.boot.test.autoconfigure.web.servlet.MockMvcPrintOnlyOnFailureTestExecutionListener@3fd5fdd6, org.springframework.boot.test.autoconfigure.web.servlet.WebDriverTestExecutionListener@5a8dad7e, org.springframework.boot.test.mock.mockito.ResetMocksTestExecutionListener@65a5cd56]
16:33:44.086 [Test worker] DEBUG org.springframework.test.annotation.ProfileValueUtils - Retrieved @ProfileValueSourceConfiguration [null] for test class [com.nofaterock.profiles.ModuleApplicationTests]
16:33:44.086 [Test worker] DEBUG org.springframework.test.annotation.ProfileValueUtils - Retrieved ProfileValueSource type [class org.springframework.test.annotation.SystemProfileValueSource] for class [com.nofaterock.profiles.ModuleApplicationTests]
16:33:44.087 [Test worker] DEBUG org.springframework.test.annotation.ProfileValueUtils - Retrieved @ProfileValueSourceConfiguration [null] for test class [com.nofaterock.profiles.ModuleApplicationTests]
16:33:44.087 [Test worker] DEBUG org.springframework.test.annotation.ProfileValueUtils - Retrieved ProfileValueSource type [class org.springframework.test.annotation.SystemProfileValueSource] for class [com.nofaterock.profiles.ModuleApplicationTests]
16:33:44.091 [Test worker] DEBUG org.springframework.test.context.support.AbstractDirtiesContextTestExecutionListener - Before test class: context [DefaultTestContext@4bd9a403 testClass = ModuleApplicationTests, testInstance = [null], testMethod = [null], testException = [null], mergedContextConfiguration = [MergedContextConfiguration@1ef53310 testClass = ModuleApplicationTests, locations = '{}', classes = '{class com.nofaterock.profiles.ModuleApplication}', contextInitializerClasses = '[]', activeProfiles = '{}', propertySourceLocations = '{}', propertySourceProperties = '{org.springframework.boot.test.context.SpringBootTestContextBootstrapper=true}', contextCustomizers = set[org.springframework.boot.test.autoconfigure.properties.PropertyMappingContextCustomizer@0, org.springframework.boot.test.autoconfigure.web.servlet.WebDriverContextCustomizerFactory$Customizer@130ff194, org.springframework.boot.test.context.filter.ExcludeFilterContextCustomizer@21ccb99e, org.springframework.boot.test.json.DuplicateJsonObjectContextCustomizerFactory$DuplicateJsonObjectContextCustomizer@2458966e, org.springframework.boot.test.mock.mockito.MockitoContextCustomizer@0, org.springframework.boot.test.web.client.TestRestTemplateContextCustomizer@4244fd1d], contextLoader = 'org.springframework.boot.test.context.SpringBootContextLoader', parent = [null]], attributes = map[[empty]]], class annotated with @DirtiesContext [false] with mode [null].
16:33:44.092 [Test worker] DEBUG org.springframework.test.annotation.ProfileValueUtils - Retrieved @ProfileValueSourceConfiguration [null] for test class [com.nofaterock.profiles.ModuleApplicationTests]
16:33:44.092 [Test worker] DEBUG org.springframework.test.annotation.ProfileValueUtils - Retrieved ProfileValueSource type [class org.springframework.test.annotation.SystemProfileValueSource] for class [com.nofaterock.profiles.ModuleApplicationTests]
16:33:44.096 [Test worker] DEBUG org.springframework.test.context.support.DependencyInjectionTestExecutionListener - Performing dependency injection for test context [[DefaultTestContext@4bd9a403 testClass = ModuleApplicationTests, testInstance = com.nofaterock.profiles.ModuleApplicationTests@6c8eaf12, testMethod = [null], testException = [null], mergedContextConfiguration = [MergedContextConfiguration@1ef53310 testClass = ModuleApplicationTests, locations = '{}', classes = '{class com.nofaterock.profiles.ModuleApplication}', contextInitializerClasses = '[]', activeProfiles = '{}', propertySourceLocations = '{}', propertySourceProperties = '{org.springframework.boot.test.context.SpringBootTestContextBootstrapper=true}', contextCustomizers = set[org.springframework.boot.test.autoconfigure.properties.PropertyMappingContextCustomizer@0, org.springframework.boot.test.autoconfigure.web.servlet.WebDriverContextCustomizerFactory$Customizer@130ff194, org.springframework.boot.test.context.filter.ExcludeFilterContextCustomizer@21ccb99e, org.springframework.boot.test.json.DuplicateJsonObjectContextCustomizerFactory$DuplicateJsonObjectContextCustomizer@2458966e, org.springframework.boot.test.mock.mockito.MockitoContextCustomizer@0, org.springframework.boot.test.web.client.TestRestTemplateContextCustomizer@4244fd1d], contextLoader = 'org.springframework.boot.test.context.SpringBootContextLoader', parent = [null]], attributes = map[[empty]]]].
16:33:44.116 [Test worker] DEBUG org.springframework.test.context.support.TestPropertySourceUtils - Adding inlined properties to environment: {spring.jmx.enabled=false, org.springframework.boot.test.context.SpringBootTestContextBootstrapper=true, server.port=-1}

  .   ____          _            __ _ _
 /\\ / ___'_ __ _ _(_)_ __  __ _ \ \ \ \
( ( )\___ | '_ | '_| | '_ \/ _` | \ \ \ \
 \\/  ___)| |_)| | | | | || (_| |  ) ) ) )
  '  |____| .__|_| |_|_| |_\__, | / / / /
 =========|_|==============|___/=/_/_/_/
 :: Spring Boot ::        (v2.1.4.RELEASE)

2019-04-17 16:33:44.388  INFO 1404 --- [    Test worker] c.n.profiles.ModuleApplicationTests      : Starting ModuleApplicationTests on NOFATEROCK-PC with PID 1404 (started by nofaterock in D:\@nofaterock\spring-boot-profiles-include\shared)
2019-04-17 16:33:44.389  INFO 1404 --- [    Test worker] c.n.profiles.ModuleApplicationTests      : The following profiles are active: shared
2019-04-17 16:33:44.751  INFO 1404 --- [    Test worker] c.n.profiles.ModuleApplicationTests      : Started ModuleApplicationTests in 0.632 seconds (JVM running for 1.775)
승룡
]]></system-out>
  <system-err><![CDATA[]]></system-err>
</testsuite>
